<?xml version="1.0" encoding="UTF-8"?>
<!-- Generated by org.testng.reporters.JUnitReportReporter -->
<testsuite skipped="0" hostname="VDUDDUKU-L470" name="com.testRunner.TestRunnerPDF" tests="2" failures="0" timestamp="2020-05-10T13:18:54 IST" time="473.058" errors="0">
  <testcase name="feature" time="88.302" classname="com.testRunner.TestRunnerPDF"/>
  <system-out/>
  <testcase name="feature" time="384.756" classname="com.testRunner.TestRunnerPDF"/>
  <system-out/>
</testsuite> <!-- com.testRunner.TestRunnerPDF -->
