<?xml version="1.0" encoding="UTF-8"?>
<!-- Generated by org.testng.reporters.JUnitReportReporter -->
<testsuite skipped="0" hostname="VDUDDUKU-L470" name="com.testRunner.TestRunner" tests="2" failures="0" timestamp="2020-08-12T17:31:10 IST" time="394.250" errors="0">
  <testcase name="feature" time="70.811" classname="com.testRunner.TestRunner"/>
  <system-out/>
  <testcase name="feature" time="323.439" classname="com.testRunner.TestRunner"/>
  <system-out/>
</testsuite> <!-- com.testRunner.TestRunner -->
